<?xml version="1.0" encoding="UTF-8"?>
<!-- Generated by org.testng.reporters.JUnitReportReporter -->
<testsuite skipped="0" hostname="SYS" name="TestCases.xmlStringToJavaTest" tests="2" failures="0" timestamp="22 Sep 2020 11:24:05 GMT" time="0.531" errors="0">
  <testcase name="unMarshalingEmployeeTest1" time="0.492" classname="TestCases.xmlStringToJavaTest"/>
  <testcase name="unMarshalingStudentTest1" time="0.039" classname="TestCases.xmlStringToJavaTest"/>
</testsuite> <!-- TestCases.xmlStringToJavaTest -->
