<?xml version="1.0" encoding="UTF-8"?>
<!-- Generated by org.testng.reporters.JUnitReportReporter -->
<testsuite skipped="0" hostname="SYS" name="TestCases.javaToXmlStringTest" tests="2" failures="0" timestamp="22 Sep 2020 11:11:14 GMT" time="0.504" errors="0">
  <testcase name="studentXmlTest1" time="0.072" classname="TestCases.javaToXmlStringTest"/>
  <testcase name="employeesXmlTest1" time="0.432" classname="TestCases.javaToXmlStringTest"/>
</testsuite> <!-- TestCases.javaToXmlStringTest -->
