<?xml version="1.0" encoding="UTF-8"?>
<!-- Generated by org.testng.reporters.JUnitReportReporter -->
<testsuite skipped="0" hostname="SYS" name="TestCases.java_xml_exceldata" tests="1" failures="0" timestamp="28 Sep 2020 14:50:42 GMT" time="2.158" errors="0">
  <testcase name="employeesXmlexceldata_Test1" time="2.158" classname="TestCases.java_xml_exceldata"/>
</testsuite> <!-- TestCases.java_xml_exceldata -->
